<?xml version="1.0" encoding="UTF-8"?>
<testsuite name="com.test.practise.PersonTest" tests="1" skipped="0" failures="0" errors="0" timestamp="2018-08-22T02:18:54" hostname="PKs-MacBook-Pro.local" time="0.042">
  <properties/>
  <testcase name="test print" classname="com.test.practise.PersonTest" time="0.042"/>
  <system-out><![CDATA[firstName, lastName is of age 0
]]></system-out>
  <system-err><![CDATA[[Test worker] INFO com.athaydes.spockframework.report.SpockReportExtension - Got configuration from Spock: com.athaydes.spockframework.report.internal.SpockReportsConfiguration([:])
[Test worker] INFO com.athaydes.spockframework.report.internal.ConfigLoader - SpockReports config loaded: {com.athaydes.spockframework.report.showCodeBlocks=false, com.athaydes.spockframework.report.template.TemplateReportCreator.reportFileExtension=md, com.athaydes.spockframework.report.testSourceRoots=src/test/groovy, com.athaydes.spockframework.report.IReportCreator=com.athaydes.spockframework.report.internal.HtmlReportCreator, com.athaydes.spockframework.report.outputDir=build/spock-reports, com.athaydes.spockframework.report.internal.HtmlReportCreator.inlineCss=true, com.athaydes.spockframework.report.internal.HtmlReportCreator.featureReportCss=spock-feature-report.css, com.athaydes.spockframework.report.hideEmptyBlocks=false, com.athaydes.spockframework.report.internal.HtmlReportCreator.summaryReportCss=spock-summary-report.css, com.athaydes.spockframework.report.projectVersion=Unknown, com.athaydes.spockframework.report.template.TemplateReportCreator.specTemplateFile=/templateReportCreator/spec-template.md, com.athaydes.spockframework.report.internal.HtmlReportCreator.specSummaryNameOption=class_name_and_title, com.athaydes.spockframework.report.template.TemplateReportCreator.summaryTemplateFile=/templateReportCreator/summary-template.md, com.athaydes.spockframework.report.internal.HtmlReportCreator.excludeToc=false, com.athaydes.spockframework.report.template.TemplateReportCreator.enabled=true, com.athaydes.spockframework.report.projectName=, com.athaydes.spockframework.report.template.TemplateReportCreator.summaryFileName=summary.md, com.athaydes.spockframework.report.internal.HtmlReportCreator.printThrowableStackTrace=false, com.athaydes.spockframework.report.internal.HtmlReportCreator.enabled=true}
]]></system-err>
</testsuite>
